mode: set
github.com/gnolang/gno/contribs/github-bot/check.go:21.38,32.45 2 0
github.com/gnolang/gno/contribs/github-bot/check.go:32.45,35.4 2 0
github.com/gnolang/gno/contribs/github-bot/check.go:39.40,42.24 2 0
github.com/gnolang/gno/contribs/github-bot/check.go:42.24,46.3 3 0
github.com/gnolang/gno/contribs/github-bot/check.go:49.2,50.16 2 0
github.com/gnolang/gno/contribs/github-bot/check.go:50.16,52.3 1 0
github.com/gnolang/gno/contribs/github-bot/check.go:55.2,56.16 2 0
github.com/gnolang/gno/contribs/github-bot/check.go:56.16,59.3 2 0
github.com/gnolang/gno/contribs/github-bot/check.go:62.2,62.82 1 0
github.com/gnolang/gno/contribs/github-bot/check.go:62.82,64.3 1 0
github.com/gnolang/gno/contribs/github-bot/check.go:64.8,64.23 1 0
github.com/gnolang/gno/contribs/github-bot/check.go:64.23,66.3 1 0
github.com/gnolang/gno/contribs/github-bot/check.go:69.2,72.18 2 0
github.com/gnolang/gno/contribs/github-bot/check.go:72.18,74.17 2 0
github.com/gnolang/gno/contribs/github-bot/check.go:74.17,76.4 1 0
github.com/gnolang/gno/contribs/github-bot/check.go:77.8,81.39 2 0
github.com/gnolang/gno/contribs/github-bot/check.go:81.39,83.18 2 0
github.com/gnolang/gno/contribs/github-bot/check.go:83.18,85.5 1 0
github.com/gnolang/gno/contribs/github-bot/check.go:86.4,86.15 1 0
github.com/gnolang/gno/contribs/github-bot/check.go:90.2,90.31 1 0
github.com/gnolang/gno/contribs/github-bot/check.go:93.72,94.18 1 0
github.com/gnolang/gno/contribs/github-bot/check.go:94.18,96.26 2 0
github.com/gnolang/gno/contribs/github-bot/check.go:96.26,98.4 1 0
github.com/gnolang/gno/contribs/github-bot/check.go:100.3,100.76 1 0
github.com/gnolang/gno/contribs/github-bot/check.go:104.2,113.25 5 0
github.com/gnolang/gno/contribs/github-bot/check.go:113.25,115.35 2 0
github.com/gnolang/gno/contribs/github-bot/check.go:115.35,121.39 4 0
github.com/gnolang/gno/contribs/github-bot/check.go:121.39,125.43 2 0
github.com/gnolang/gno/contribs/github-bot/check.go:125.43,126.14 1 0
github.com/gnolang/gno/contribs/github-bot/check.go:129.5,133.52 3 0
github.com/gnolang/gno/contribs/github-bot/check.go:133.52,136.6 2 0
github.com/gnolang/gno/contribs/github-bot/check.go:136.11,138.6 1 0
github.com/gnolang/gno/contribs/github-bot/check.go:140.5,142.67 3 0
github.com/gnolang/gno/contribs/github-bot/check.go:146.4,147.68 2 0
github.com/gnolang/gno/contribs/github-bot/check.go:147.68,149.5 1 0
github.com/gnolang/gno/contribs/github-bot/check.go:152.4,152.43 1 0
github.com/gnolang/gno/contribs/github-bot/check.go:152.43,156.45 2 0
github.com/gnolang/gno/contribs/github-bot/check.go:156.45,157.14 1 0
github.com/gnolang/gno/contribs/github-bot/check.go:161.5,163.11 3 0
github.com/gnolang/gno/contribs/github-bot/check.go:163.11,165.6 1 0
github.com/gnolang/gno/contribs/github-bot/check.go:167.5,177.24 2 0
github.com/gnolang/gno/contribs/github-bot/check.go:177.24,179.6 1 0
github.com/gnolang/gno/contribs/github-bot/check.go:183.4,183.17 1 0
github.com/gnolang/gno/contribs/github-bot/check.go:183.17,187.5 3 0
github.com/gnolang/gno/contribs/github-bot/check.go:187.10,188.69 1 0
github.com/gnolang/gno/contribs/github-bot/check.go:188.69,191.6 2 0
github.com/gnolang/gno/contribs/github-bot/check.go:195.2,197.19 2 0
github.com/gnolang/gno/contribs/github-bot/check.go:197.19,199.3 1 0
github.com/gnolang/gno/contribs/github-bot/check.go:201.2,201.12 1 0
github.com/gnolang/gno/contribs/github-bot/check.go:206.81,208.39 2 0
github.com/gnolang/gno/contribs/github-bot/check.go:208.39,210.3 1 0
github.com/gnolang/gno/contribs/github-bot/check.go:212.2,212.48 1 0
github.com/gnolang/gno/contribs/github-bot/check.go:212.48,214.21 2 0
github.com/gnolang/gno/contribs/github-bot/check.go:214.21,216.4 1 0
github.com/gnolang/gno/contribs/github-bot/check.go:217.3,219.54 3 0
github.com/gnolang/gno/contribs/github-bot/check.go:222.2,222.41 1 0
github.com/gnolang/gno/contribs/github-bot/check.go:222.41,224.3 1 0
github.com/gnolang/gno/contribs/github-bot/check.go:226.2,226.50 1 0
github.com/gnolang/gno/contribs/github-bot/check.go:226.50,229.27 3 0
github.com/gnolang/gno/contribs/github-bot/check.go:229.27,231.4 1 0
github.com/gnolang/gno/contribs/github-bot/check.go:232.3,232.27 1 0
github.com/gnolang/gno/contribs/github-bot/check.go:232.27,234.4 1 0
github.com/gnolang/gno/contribs/github-bot/check.go:235.3,237.49 3 0
github.com/gnolang/gno/contribs/github-bot/check.go:240.2,241.33 2 0
github.com/gnolang/gno/contribs/github-bot/check.go:241.33,243.3 1 0
github.com/gnolang/gno/contribs/github-bot/check.go:243.8,245.3 1 0
github.com/gnolang/gno/contribs/github-bot/comment.go:57.79,61.79 2 1
github.com/gnolang/gno/contribs/github-bot/comment.go:61.79,65.21 4 1
github.com/gnolang/gno/contribs/github-bot/comment.go:65.21,67.4 1 1
github.com/gnolang/gno/contribs/github-bot/comment.go:69.3,69.81 1 1
github.com/gnolang/gno/contribs/github-bot/comment.go:72.2,72.15 1 1
github.com/gnolang/gno/contribs/github-bot/comment.go:81.91,83.44 1 1
github.com/gnolang/gno/contribs/github-bot/comment.go:83.44,86.3 2 1
github.com/gnolang/gno/contribs/github-bot/comment.go:89.2,90.9 2 1
github.com/gnolang/gno/contribs/github-bot/comment.go:90.9,92.3 1 1
github.com/gnolang/gno/contribs/github-bot/comment.go:94.2,94.55 1 1
github.com/gnolang/gno/contribs/github-bot/comment.go:94.55,96.3 1 1
github.com/gnolang/gno/contribs/github-bot/comment.go:99.2,100.16 2 1
github.com/gnolang/gno/contribs/github-bot/comment.go:100.16,102.3 1 1
github.com/gnolang/gno/contribs/github-bot/comment.go:104.2,104.44 1 1
github.com/gnolang/gno/contribs/github-bot/comment.go:104.44,107.3 2 1
github.com/gnolang/gno/contribs/github-bot/comment.go:110.2,111.9 2 1
github.com/gnolang/gno/contribs/github-bot/comment.go:111.9,113.3 1 1
github.com/gnolang/gno/contribs/github-bot/comment.go:116.2,116.34 1 1
github.com/gnolang/gno/contribs/github-bot/comment.go:116.34,118.3 1 1
github.com/gnolang/gno/contribs/github-bot/comment.go:121.2,122.9 2 1
github.com/gnolang/gno/contribs/github-bot/comment.go:122.9,124.3 1 1
github.com/gnolang/gno/contribs/github-bot/comment.go:127.2,128.9 2 1
github.com/gnolang/gno/contribs/github-bot/comment.go:128.9,130.3 1 1
github.com/gnolang/gno/contribs/github-bot/comment.go:133.2,134.23 2 1
github.com/gnolang/gno/contribs/github-bot/comment.go:134.23,136.3 1 1
github.com/gnolang/gno/contribs/github-bot/comment.go:139.2,139.91 1 1
github.com/gnolang/gno/contribs/github-bot/comment.go:139.91,141.17 1 1
github.com/gnolang/gno/contribs/github-bot/comment.go:141.17,143.4 1 1
github.com/gnolang/gno/contribs/github-bot/comment.go:144.3,144.64 1 1
github.com/gnolang/gno/contribs/github-bot/comment.go:148.2,151.33 4 1
github.com/gnolang/gno/contribs/github-bot/comment.go:151.33,153.62 1 0
github.com/gnolang/gno/contribs/github-bot/comment.go:153.62,154.12 1 0
github.com/gnolang/gno/contribs/github-bot/comment.go:158.3,162.42 4 0
github.com/gnolang/gno/contribs/github-bot/comment.go:162.42,163.37 1 0
github.com/gnolang/gno/contribs/github-bot/comment.go:163.37,166.5 2 0
github.com/gnolang/gno/contribs/github-bot/comment.go:171.3,171.13 1 0
github.com/gnolang/gno/contribs/github-bot/comment.go:171.13,174.4 2 0
github.com/gnolang/gno/contribs/github-bot/comment.go:177.3,177.21 1 0
github.com/gnolang/gno/contribs/github-bot/comment.go:177.21,178.48 1 0
github.com/gnolang/gno/contribs/github-bot/comment.go:178.48,179.19 1 0
github.com/gnolang/gno/contribs/github-bot/comment.go:179.19,181.6 1 0
github.com/gnolang/gno/contribs/github-bot/comment.go:182.5,182.66 1 0
github.com/gnolang/gno/contribs/github-bot/comment.go:187.3,190.58 2 0
github.com/gnolang/gno/contribs/github-bot/comment.go:190.58,193.4 2 0
github.com/gnolang/gno/contribs/github-bot/comment.go:193.9,197.4 2 0
github.com/gnolang/gno/contribs/github-bot/comment.go:201.2,201.32 1 1
github.com/gnolang/gno/contribs/github-bot/comment.go:201.32,204.3 2 0
github.com/gnolang/gno/contribs/github-bot/comment.go:206.2,206.12 1 1
github.com/gnolang/gno/contribs/github-bot/comment.go:211.62,214.43 1 1
github.com/gnolang/gno/contribs/github-bot/comment.go:214.43,216.4 1 1
github.com/gnolang/gno/contribs/github-bot/comment.go:220.2,222.16 3 1
github.com/gnolang/gno/contribs/github-bot/comment.go:222.16,224.3 1 0
github.com/gnolang/gno/contribs/github-bot/comment.go:227.2,228.61 2 1
github.com/gnolang/gno/contribs/github-bot/comment.go:228.61,230.3 1 0
github.com/gnolang/gno/contribs/github-bot/comment.go:232.2,232.35 1 1
github.com/gnolang/gno/contribs/github-bot/comment.go:236.97,239.16 2 0
github.com/gnolang/gno/contribs/github-bot/comment.go:239.16,241.3 1 0
github.com/gnolang/gno/contribs/github-bot/comment.go:244.2,245.16 2 0
github.com/gnolang/gno/contribs/github-bot/comment.go:245.16,247.3 1 0
github.com/gnolang/gno/contribs/github-bot/comment.go:247.8,249.3 1 0
github.com/gnolang/gno/contribs/github-bot/comment.go:252.2,259.26 2 0
github.com/gnolang/gno/contribs/github-bot/comment.go:259.26,262.3 2 0
github.com/gnolang/gno/contribs/github-bot/comment.go:265.2,275.18 1 0
github.com/gnolang/gno/contribs/github-bot/comment.go:275.18,277.3 1 0
github.com/gnolang/gno/contribs/github-bot/comment.go:277.8,279.3 1 0
github.com/gnolang/gno/contribs/github-bot/comment.go:281.2,281.12 1 0
github.com/gnolang/gno/contribs/github-bot/config.go:25.66,92.30 4 0
github.com/gnolang/gno/contribs/github-bot/config.go:92.30,93.52 1 0
github.com/gnolang/gno/contribs/github-bot/config.go:93.52,95.4 1 0
github.com/gnolang/gno/contribs/github-bot/config.go:96.3,96.40 1 0
github.com/gnolang/gno/contribs/github-bot/config.go:99.2,99.21 1 0
github.com/gnolang/gno/contribs/github-bot/main.go:10.13,26.2 3 0
github.com/gnolang/gno/contribs/github-bot/matrix.go:16.39,25.45 1 0
github.com/gnolang/gno/contribs/github-bot/matrix.go:25.45,27.4 1 0
github.com/gnolang/gno/contribs/github-bot/matrix.go:31.25,34.16 2 0
github.com/gnolang/gno/contribs/github-bot/matrix.go:34.16,36.3 1 0
github.com/gnolang/gno/contribs/github-bot/matrix.go:39.2,41.16 3 0
github.com/gnolang/gno/contribs/github-bot/matrix.go:41.16,43.3 1 0
github.com/gnolang/gno/contribs/github-bot/matrix.go:46.2,47.16 2 0
github.com/gnolang/gno/contribs/github-bot/matrix.go:47.16,49.3 1 0
github.com/gnolang/gno/contribs/github-bot/matrix.go:51.2,52.12 2 0
github.com/gnolang/gno/contribs/github-bot/matrix.go:55.107,58.29 2 1
github.com/gnolang/gno/contribs/github-bot/matrix.go:60.27,63.10 2 1
github.com/gnolang/gno/contribs/github-bot/matrix.go:63.10,65.4 1 1
github.com/gnolang/gno/contribs/github-bot/matrix.go:66.3,69.21 2 1
github.com/gnolang/gno/contribs/github-bot/matrix.go:69.21,71.18 2 1
github.com/gnolang/gno/contribs/github-bot/matrix.go:71.18,73.5 1 0
github.com/gnolang/gno/contribs/github-bot/matrix.go:75.4,76.23 2 1
github.com/gnolang/gno/contribs/github-bot/matrix.go:76.23,78.5 1 1
github.com/gnolang/gno/contribs/github-bot/matrix.go:79.9,81.62 1 1
github.com/gnolang/gno/contribs/github-bot/matrix.go:81.62,83.5 1 1
github.com/gnolang/gno/contribs/github-bot/matrix.go:86.4,86.33 1 1
github.com/gnolang/gno/contribs/github-bot/matrix.go:86.33,88.19 2 1
github.com/gnolang/gno/contribs/github-bot/matrix.go:88.19,90.6 1 0
github.com/gnolang/gno/contribs/github-bot/matrix.go:90.11,90.39 1 1
github.com/gnolang/gno/contribs/github-bot/matrix.go:90.39,92.6 1 1
github.com/gnolang/gno/contribs/github-bot/matrix.go:98.62,101.17 2 1
github.com/gnolang/gno/contribs/github-bot/matrix.go:101.17,103.4 1 1
github.com/gnolang/gno/contribs/github-bot/matrix.go:104.3,104.37 1 1
github.com/gnolang/gno/contribs/github-bot/matrix.go:106.10,107.76 1 1
github.com/gnolang/gno/contribs/github-bot/matrix.go:110.2,110.20 1 1
